-------------------------------------------------------------------------------
Test set: com.example.microservices.jwt_authentication.JwtAuthenticationApplicationTests
-------------------------------------------------------------------------------
Tests run: 1, Failures: 0, Errors: 1, Skipped: 0, Time elapsed: 4.865 s <<< FAILURE! - in com.example.microservices.jwt_authentication.JwtAuthenticationApplicationTests
contextLoads  Time elapsed: 0.01 s  <<< ERROR!
java.lang.IllegalStateException: Failed to load ApplicationContext
Caused by: org.springframework.beans.factory.BeanCreationException: Error creating bean with name 'dataSourceScriptDatabaseInitializer' defined in class path resource [org/springframework/boot/autoconfigure/sql/init/DataSourceInitializationConfiguration.class]: Invocation of init method failed; nested exception is java.lang.IllegalStateException: No schema scripts found at location 'schema.sql'
Caused by: java.lang.IllegalStateException: No schema scripts found at location 'schema.sql'

